{"/Users/anshul/Desktop/Hyperverge/index.js": {"path":"/Users/anshul/Desktop/Hyperverge/index.js","statementMap":{"0":{"start":{"line":1,"column":16},"end":{"line":1,"column":34}},"1":{"start":{"line":2,"column":12},"end":{"line":2,"column":21}},"2":{"start":{"line":3,"column":17},"end":{"line":3,"column":36}},"3":{"start":{"line":5,"column":15},"end":{"line":5,"column":32}},"4":{"start":{"line":6,"column":0},"end":{"line":6,"column":16}},"5":{"start":{"line":11,"column":22},"end":{"line":11,"column":50}},"6":{"start":{"line":12,"column":19},"end":{"line":12,"column":44}},"7":{"start":{"line":13,"column":21},"end":{"line":13,"column":48}},"8":{"start":{"line":14,"column":19},"end":{"line":14,"column":44}},"9":{"start":{"line":19,"column":0},"end":{"line":22,"column":2}},"10":{"start":{"line":25,"column":0},"end":{"line":25,"column":24}},"11":{"start":{"line":28,"column":0},"end":{"line":28,"column":27}},"12":{"start":{"line":29,"column":0},"end":{"line":29,"column":24}},"13":{"start":{"line":30,"column":0},"end":{"line":30,"column":26}},"14":{"start":{"line":31,"column":0},"end":{"line":31,"column":24}},"15":{"start":{"line":33,"column":0},"end":{"line":33,"column":16}},"16":{"start":{"line":37,"column":0},"end":{"line":37,"column":20}}},"fnMap":{},"branchMap":{},"s":{"0":1,"1":1,"2":1,"3":1,"4":1,"5":1,"6":1,"7":1,"8":1,"9":1,"10":1,"11":1,"12":1,"13":1,"14":1,"15":1,"16":1},"f":{},"b":{},"_coverageSchema":"1a1c01bbd47fc00a2c39e90264f33305004495a9","hash":"b0ddc1a9028345fe0a7354a516b37654989bb645"}
,"/Users/anshul/Desktop/Hyperverge/validation.js": {"path":"/Users/anshul/Desktop/Hyperverge/validation.js","statementMap":{"0":{"start":{"line":3,"column":12},"end":{"line":3,"column":32}},"1":{"start":{"line":5,"column":27},"end":{"line":12,"column":1}},"2":{"start":{"line":6,"column":19},"end":{"line":9,"column":6}},"3":{"start":{"line":10,"column":4},"end":{"line":10,"column":32}},"4":{"start":{"line":14,"column":24},"end":{"line":21,"column":1}},"5":{"start":{"line":15,"column":19},"end":{"line":18,"column":6}},"6":{"start":{"line":19,"column":4},"end":{"line":19,"column":32}},"7":{"start":{"line":23,"column":26},"end":{"line":31,"column":1}},"8":{"start":{"line":24,"column":19},"end":{"line":29,"column":6}},"9":{"start":{"line":30,"column":4},"end":{"line":30,"column":32}},"10":{"start":{"line":33,"column":0},"end":{"line":33,"column":55}},"11":{"start":{"line":34,"column":0},"end":{"line":34,"column":49}},"12":{"start":{"line":35,"column":0},"end":{"line":35,"column":53}}},"fnMap":{"0":{"name":"(anonymous_0)","decl":{"start":{"line":5,"column":27},"end":{"line":5,"column":28}},"loc":{"start":{"line":5,"column":37},"end":{"line":12,"column":1}},"line":5},"1":{"name":"(anonymous_1)","decl":{"start":{"line":14,"column":24},"end":{"line":14,"column":25}},"loc":{"start":{"line":14,"column":34},"end":{"line":21,"column":1}},"line":14},"2":{"name":"(anonymous_2)","decl":{"start":{"line":23,"column":26},"end":{"line":23,"column":27}},"loc":{"start":{"line":23,"column":36},"end":{"line":31,"column":1}},"line":23}},"branchMap":{},"s":{"0":1,"1":1,"2":3,"3":3,"4":1,"5":3,"6":3,"7":1,"8":1,"9":1,"10":1,"11":1,"12":1},"f":{"0":3,"1":3,"2":1},"b":{},"_coverageSchema":"1a1c01bbd47fc00a2c39e90264f33305004495a9","hash":"e07d02a8b04a0121d8a5a1b48fb932f1d6043012"}
,"/Users/anshul/Desktop/Hyperverge/model/User.js": {"path":"/Users/anshul/Desktop/Hyperverge/model/User.js","statementMap":{"0":{"start":{"line":1,"column":17},"end":{"line":1,"column":36}},"1":{"start":{"line":3,"column":19},"end":{"line":38,"column":2}},"2":{"start":{"line":40,"column":0},"end":{"line":40,"column":52}}},"fnMap":{},"branchMap":{},"s":{"0":1,"1":1,"2":1},"f":{},"b":{},"_coverageSchema":"1a1c01bbd47fc00a2c39e90264f33305004495a9","hash":"d35ce98c42a56ea6c2c9ba7b09c0f61459ba5824"}
,"/Users/anshul/Desktop/Hyperverge/routes/login.js": {"path":"/Users/anshul/Desktop/Hyperverge/routes/login.js","statementMap":{"0":{"start":{"line":1,"column":15},"end":{"line":1,"column":42}},"1":{"start":{"line":2,"column":13},"end":{"line":2,"column":37}},"2":{"start":{"line":3,"column":65},"end":{"line":3,"column":89}},"3":{"start":{"line":4,"column":15},"end":{"line":4,"column":34}},"4":{"start":{"line":5,"column":12},"end":{"line":5,"column":35}},"5":{"start":{"line":9,"column":0},"end":{"line":26,"column":3}},"6":{"start":{"line":11,"column":20},"end":{"line":11,"column":45}},"7":{"start":{"line":12,"column":4},"end":{"line":12,"column":68}},"8":{"start":{"line":12,"column":14},"end":{"line":12,"column":68}},"9":{"start":{"line":15,"column":17},"end":{"line":15,"column":61}},"10":{"start":{"line":16,"column":4},"end":{"line":16,"column":59}},"11":{"start":{"line":16,"column":14},"end":{"line":16,"column":59}},"12":{"start":{"line":19,"column":26},"end":{"line":19,"column":80}},"13":{"start":{"line":20,"column":4},"end":{"line":20,"column":68}},"14":{"start":{"line":20,"column":23},"end":{"line":20,"column":68}},"15":{"start":{"line":23,"column":18},"end":{"line":23,"column":69}},"16":{"start":{"line":24,"column":4},"end":{"line":24,"column":48}},"17":{"start":{"line":28,"column":0},"end":{"line":28,"column":24}}},"fnMap":{"0":{"name":"(anonymous_0)","decl":{"start":{"line":9,"column":22},"end":{"line":9,"column":23}},"loc":{"start":{"line":9,"column":42},"end":{"line":26,"column":1}},"line":9}},"branchMap":{"0":{"loc":{"start":{"line":12,"column":4},"end":{"line":12,"column":68}},"type":"if","locations":[{"start":{"line":12,"column":4},"end":{"line":12,"column":68}},{"start":{},"end":{}}],"line":12},"1":{"loc":{"start":{"line":16,"column":4},"end":{"line":16,"column":59}},"type":"if","locations":[{"start":{"line":16,"column":4},"end":{"line":16,"column":59}},{"start":{},"end":{}}],"line":16},"2":{"loc":{"start":{"line":20,"column":4},"end":{"line":20,"column":68}},"type":"if","locations":[{"start":{"line":20,"column":4},"end":{"line":20,"column":68}},{"start":{},"end":{}}],"line":20}},"s":{"0":1,"1":1,"2":1,"3":1,"4":1,"5":1,"6":3,"7":3,"8":2,"9":1,"10":1,"11":0,"12":1,"13":1,"14":0,"15":1,"16":1,"17":1},"f":{"0":3},"b":{"0":[2,1],"1":[0,1],"2":[0,1]},"_coverageSchema":"1a1c01bbd47fc00a2c39e90264f33305004495a9","hash":"da232da4ba212a7b3037184b9e47d844cbde3635"}
,"/Users/anshul/Desktop/Hyperverge/routes/register.js": {"path":"/Users/anshul/Desktop/Hyperverge/routes/register.js","statementMap":{"0":{"start":{"line":1,"column":15},"end":{"line":1,"column":42}},"1":{"start":{"line":2,"column":13},"end":{"line":2,"column":37}},"2":{"start":{"line":3,"column":65},"end":{"line":3,"column":89}},"3":{"start":{"line":4,"column":15},"end":{"line":4,"column":34}},"4":{"start":{"line":8,"column":0},"end":{"line":40,"column":3}},"5":{"start":{"line":11,"column":20},"end":{"line":11,"column":48}},"6":{"start":{"line":12,"column":4},"end":{"line":12,"column":68}},"7":{"start":{"line":12,"column":14},"end":{"line":12,"column":68}},"8":{"start":{"line":15,"column":23},"end":{"line":15,"column":67}},"9":{"start":{"line":16,"column":4},"end":{"line":17,"column":60}},"10":{"start":{"line":17,"column":8},"end":{"line":17,"column":60}},"11":{"start":{"line":20,"column":17},"end":{"line":20,"column":41}},"12":{"start":{"line":21,"column":25},"end":{"line":21,"column":67}},"13":{"start":{"line":24,"column":17},"end":{"line":31,"column":6}},"14":{"start":{"line":34,"column":4},"end":{"line":39,"column":5}},"15":{"start":{"line":35,"column":26},"end":{"line":35,"column":43}},"16":{"start":{"line":36,"column":8},"end":{"line":36,"column":47}},"17":{"start":{"line":38,"column":8},"end":{"line":38,"column":33}},"18":{"start":{"line":42,"column":0},"end":{"line":42,"column":24}}},"fnMap":{"0":{"name":"(anonymous_0)","decl":{"start":{"line":8,"column":25},"end":{"line":8,"column":26}},"loc":{"start":{"line":8,"column":45},"end":{"line":40,"column":1}},"line":8}},"branchMap":{"0":{"loc":{"start":{"line":12,"column":4},"end":{"line":12,"column":68}},"type":"if","locations":[{"start":{"line":12,"column":4},"end":{"line":12,"column":68}},{"start":{},"end":{}}],"line":12},"1":{"loc":{"start":{"line":16,"column":4},"end":{"line":17,"column":60}},"type":"if","locations":[{"start":{"line":16,"column":4},"end":{"line":17,"column":60}},{"start":{},"end":{}}],"line":16}},"s":{"0":1,"1":1,"2":1,"3":1,"4":1,"5":3,"6":3,"7":2,"8":1,"9":1,"10":0,"11":1,"12":1,"13":1,"14":1,"15":1,"16":1,"17":0,"18":1},"f":{"0":3},"b":{"0":[2,1],"1":[0,1]},"_coverageSchema":"1a1c01bbd47fc00a2c39e90264f33305004495a9","hash":"62e88439198fcaedcf030e7b1d3c01e9caf9e866"}
,"/Users/anshul/Desktop/Hyperverge/routes/reserve.js": {"path":"/Users/anshul/Desktop/Hyperverge/routes/reserve.js","statementMap":{"0":{"start":{"line":1,"column":15},"end":{"line":1,"column":42}},"1":{"start":{"line":2,"column":13},"end":{"line":2,"column":37}},"2":{"start":{"line":3,"column":65},"end":{"line":3,"column":89}},"3":{"start":{"line":4,"column":15},"end":{"line":4,"column":39}},"4":{"start":{"line":8,"column":0},"end":{"line":27,"column":3}},"5":{"start":{"line":10,"column":20},"end":{"line":10,"column":47}},"6":{"start":{"line":11,"column":4},"end":{"line":11,"column":68}},"7":{"start":{"line":11,"column":14},"end":{"line":11,"column":68}},"8":{"start":{"line":13,"column":20},"end":{"line":13,"column":31}},"9":{"start":{"line":16,"column":22},"end":{"line":16,"column":74}},"10":{"start":{"line":17,"column":4},"end":{"line":25,"column":5}},"11":{"start":{"line":19,"column":23},"end":{"line":19,"column":84}},"12":{"start":{"line":20,"column":8},"end":{"line":20,"column":24}},"13":{"start":{"line":24,"column":8},"end":{"line":24,"column":46}},"14":{"start":{"line":29,"column":0},"end":{"line":29,"column":24}}},"fnMap":{"0":{"name":"(anonymous_0)","decl":{"start":{"line":8,"column":38},"end":{"line":8,"column":39}},"loc":{"start":{"line":8,"column":58},"end":{"line":27,"column":1}},"line":8}},"branchMap":{"0":{"loc":{"start":{"line":11,"column":4},"end":{"line":11,"column":68}},"type":"if","locations":[{"start":{"line":11,"column":4},"end":{"line":11,"column":68}},{"start":{},"end":{}}],"line":11},"1":{"loc":{"start":{"line":17,"column":4},"end":{"line":25,"column":5}},"type":"if","locations":[{"start":{"line":17,"column":4},"end":{"line":25,"column":5}},{"start":{"line":23,"column":4},"end":{"line":25,"column":5}}],"line":17}},"s":{"0":1,"1":1,"2":1,"3":1,"4":1,"5":1,"6":1,"7":0,"8":1,"9":1,"10":1,"11":1,"12":1,"13":0,"14":1},"f":{"0":1},"b":{"0":[0,1],"1":[1,0]},"_coverageSchema":"1a1c01bbd47fc00a2c39e90264f33305004495a9","hash":"4c8b40a8862dc6154139db9c5b435c9f853f5687"}
,"/Users/anshul/Desktop/Hyperverge/routes/reset.js": {"path":"/Users/anshul/Desktop/Hyperverge/routes/reset.js","statementMap":{"0":{"start":{"line":1,"column":15},"end":{"line":1,"column":42}},"1":{"start":{"line":2,"column":13},"end":{"line":2,"column":37}},"2":{"start":{"line":3,"column":15},"end":{"line":3,"column":39}},"3":{"start":{"line":7,"column":0},"end":{"line":18,"column":3}},"4":{"start":{"line":9,"column":26},"end":{"line":9,"column":59}},"5":{"start":{"line":10,"column":4},"end":{"line":16,"column":34}},"6":{"start":{"line":12,"column":23},"end":{"line":12,"column":64}},"7":{"start":{"line":13,"column":8},"end":{"line":13,"column":40}},"8":{"start":{"line":16,"column":8},"end":{"line":16,"column":34}},"9":{"start":{"line":20,"column":0},"end":{"line":20,"column":24}}},"fnMap":{"0":{"name":"(anonymous_0)","decl":{"start":{"line":7,"column":36},"end":{"line":7,"column":37}},"loc":{"start":{"line":7,"column":56},"end":{"line":18,"column":1}},"line":7}},"branchMap":{"0":{"loc":{"start":{"line":10,"column":4},"end":{"line":16,"column":34}},"type":"if","locations":[{"start":{"line":10,"column":4},"end":{"line":16,"column":34}},{"start":{"line":16,"column":8},"end":{"line":16,"column":34}}],"line":10}},"s":{"0":1,"1":1,"2":1,"3":1,"4":1,"5":1,"6":1,"7":1,"8":0,"9":1},"f":{"0":1},"b":{"0":[1,0]},"_coverageSchema":"1a1c01bbd47fc00a2c39e90264f33305004495a9","hash":"b99f298df95527d5b62ab10b6ceeda0f56fea68c"}
,"/Users/anshul/Desktop/Hyperverge/routes/verifyToken.js": {"path":"/Users/anshul/Desktop/Hyperverge/routes/verifyToken.js","statementMap":{"0":{"start":{"line":1,"column":12},"end":{"line":1,"column":35}},"1":{"start":{"line":4,"column":0},"end":{"line":15,"column":1}},"2":{"start":{"line":5,"column":18},"end":{"line":5,"column":42}},"3":{"start":{"line":6,"column":4},"end":{"line":6,"column":60}},"4":{"start":{"line":6,"column":15},"end":{"line":6,"column":60}},"5":{"start":{"line":8,"column":4},"end":{"line":14,"column":5}},"6":{"start":{"line":9,"column":25},"end":{"line":9,"column":68}},"7":{"start":{"line":10,"column":8},"end":{"line":10,"column":28}},"8":{"start":{"line":11,"column":8},"end":{"line":11,"column":15}},"9":{"start":{"line":13,"column":8},"end":{"line":13,"column":45}}},"fnMap":{"0":{"name":"(anonymous_0)","decl":{"start":{"line":4,"column":17},"end":{"line":4,"column":18}},"loc":{"start":{"line":4,"column":43},"end":{"line":15,"column":1}},"line":4}},"branchMap":{"0":{"loc":{"start":{"line":6,"column":4},"end":{"line":6,"column":60}},"type":"if","locations":[{"start":{"line":6,"column":4},"end":{"line":6,"column":60}},{"start":{},"end":{}}],"line":6}},"s":{"0":1,"1":1,"2":4,"3":4,"4":2,"5":2,"6":2,"7":2,"8":2,"9":0},"f":{"0":4},"b":{"0":[2,2]},"_coverageSchema":"1a1c01bbd47fc00a2c39e90264f33305004495a9","hash":"74c83881e2bafd394ad3bbc0873951dc52a815c9"}
}
